#TITLE;Sat_Oct__8_16:50:13_2016/11
juego:cargar
conectado:FJM
conectado:dummy230
juego:comenzar
aparecer:dummy230,4,1
aparecer:FJM,10,1
disparar:dummy230,8,1,None
moverse:dummy230,4,2
disparar:FJM,10,8,None
moverse:FJM,10,10
disparar:dummy230,3,2,None
moverse:dummy230,5,2
disparar:FJM,10,2,None
moverse:FJM,10,8
disparar:dummy230,2,2,None
moverse:dummy230,4,2
disparar:FJM,2,8,None
moverse:FJM,10,6
disparar:dummy230,8,2,None
moverse:dummy230,4,1
disparar:FJM,10,9,None
moverse:FJM,10,4
disparar:dummy230,4,0,None
moverse:dummy230,4,2
disparar:FJM,1,4,None
moverse:FJM,10,2
disparar:dummy230,4,5,None
moverse:dummy230,4,3
disparar:FJM,1,2,None
moverse:FJM,10,0
disparar:dummy230,3,3,None
moverse:dummy230,4,4
disparar:FJM,10,1,None
moverse:FJM,10,9
disparar:dummy230,4,8,None
moverse:dummy230,4,3
disparar:FJM,2,9,None
moverse:FJM,10,7
disparar:dummy230,2,3,None
moverse:dummy230,3,3
desconectar:dummy230
disparar:FJM,8,7,None
moverse:FJM,10,5
desconectar:FJM
juego:terminar
